Starting the 'Apache2.4' service
The 'Apache2.4' service is running.
pm_winnt:notice] [pid 18536:tid 608] AH00455: Apache/2.4.54 (Win64) configured -- resuming normal operations
[Thu Jan 12 17:15:02.330966 2023] [mpm_winnt:notice] [pid 18536:tid 608] AH00456: Apache Lounge VS17 Server built: Nov 10 2022 11:16:17
[Thu Jan 12 17:15:02.330966 2023] [core:notice] [pid 18536:tid 608] AH00094: Command line: 'D:\\Apache24\\bin\\httpd.exe -d D:/Apache24'
[Thu Jan 12 17:15:02.459050 2023] [mpm_winnt:notice] [pid 18536:tid 608] AH00418: Parent: Created child process 25540
[Thu Jan 12 17:15:03.180890 2023] [mpm_winnt:notice] [pid 25540:tid 624] AH00354: Child: Starting 64 worker threads.
[Fri Jan 13 10:06:42.484924 2023] [mpm_winnt:notice] [pid 18536:tid 608] AH00422: Parent: Received shutdown signal -- Shutting down the server.
[Fri Jan 13 10:06:44.549291 2023] [mpm_winnt:notice] [pid 25540:tid 624] AH00364: Child: All worker threads have exited.
[Fri Jan 13 10:06:44.606443 2023] [mpm_winnt:notice] [pid 18536:tid 608] AH00430: Parent: Child process 25540 exited successfully.
[Fri Jan 13 10:06:46.910044 2023] [mpm_winnt:notice] [pid 20636:tid 608] AH00455: Apache/2.4.54 (Win64) PHP/8.2.1 configured -- resuming normal operations
[Fri Jan 13 10:06:46.910044 2023] [mpm_winnt:notice] [pid 20636:tid 608] AH00456: Apache Lounge VS17 Server built: Nov 10 2022 11:16:17
[Fri Jan 13 10:06:46.910044 2023] [core:notice] [pid 20636:tid 608] AH00094: Command line: 'D:\\Apache24\\bin\\httpd.exe -d D:/Apache24'
[Fri Jan 13 10:06:47.022685 2023] [mpm_winnt:notice] [pid 20636:tid 608] AH00418: Parent: Created child process 18212
[Fri Jan 13 10:06:47.713849 2023] [mpm_winnt:notice] [pid 18212:tid 624] AH00354: Child: Starting 64 worker threads.
[Fri Jan 13 10:24:22.224566 2023] [mpm_winnt:notice] [pid 20636:tid 608] AH00422: Parent: Received shutdown signal -- Shutting down the server.
[Fri Jan 13 10:24:52.228210 2023] [mpm_winnt:notice] [pid 20636:tid 608] AH00431: Parent: Forcing termination of child process 18212
[Fri Jan 13 10:24:59.219443 2023] [mpm_winnt:notice] [pid 16768:tid 608] AH00455: Apache/2.4.54 (Win64) PHP/8.2.1 configured -- resuming normal operations
[Fri Jan 13 10:24:59.219443 2023] [mpm_winnt:notice] [pid 16768:tid 608] AH00456: Apache Lounge VS17 Server built: Nov 10 2022 11:16:17
[Fri Jan 13 10:24:59.219443 2023] [core:notice] [pid 16768:tid 608] AH00094: Command line: 'D:\\Apache24\\bin\\httpd.exe -d D:/Apache24'
[Fri Jan 13 10:24:59.338898 2023] [mpm_winnt:notice] [pid 16768:tid 608] AH00418: Parent: Created child process 6864
[Fri Jan 13 10:24:59.992238 2023] [mpm_winnt:notice] [pid 6864:tid 624] AH00354: Child: Starting 64 worker threads.
[Fri Jan 13 10:26:34.567665 2023] [mpm_winnt:notice] [pid 16768:tid 608] AH00422: Parent: Received shutdown signal -- Shutting down the server.
[Fri Jan 13 10:26:36.588120 2023] [mpm_winnt:notice] [pid 6864:tid 624] AH00364: Child: All worker threads have exited.
[Fri Jan 13 10:26:36.607791 2023] [mpm_winnt:notice] [pid 16768:tid 608] AH00430: Parent: Child process 6864 exited successfully.
[Fri Jan 13 10:26:38.290547 2023] [mpm_winnt:notice] [pid 22660:tid 632] AH00455: Apache/2.4.54 (Win64) PHP/8.2.1 configured -- resuming normal operations
[Fri Jan 13 10:26:38.290547 2023] [mpm_winnt:notice] [pid 22660:tid 632] AH00456: Apache Lounge VS17 Server built: Nov 10 2022 11:16:17
[Fri Jan 13 10:26:38.290547 2023] [core:notice] [pid 22660:tid 632] AH00094: Command line: 'D:\\Apache24\\bin\\httpd.exe -d D:/Apache24'
[Fri Jan 13 10:26:38.411683 2023] [mpm_winnt:notice] [pid 22660:tid 632] AH00418: Parent: Created child process 15308
[Fri Jan 13 10:26:39.097218 2023] [mpm_winnt:notice] [pid 15308:tid 624] AH00354: Child: Starting 64 worker threads.
[Fri Jan 13 10:31:44.735552 2023] [mpm_winnt:notice] [pid 22660:tid 632] AH00422: Parent: Received shutdown signal -- Shutting down the server.
[Fri Jan 13 10:31:46.743566 2023] [mpm_winnt:notice] [pid 15308:tid 624] AH00364: Child: All worker threads have exited.
[Fri Jan 13 10:31:46.765080 2023] [mpm_winnt:notice] [pid 22660:tid 632] AH00430: Parent: Child process 15308 exited successfully.
[Fri Jan 13 10:31:48.183571 2023] [mpm_winnt:notice] [pid 21700:tid 608] AH00455: Apache/2.4.54 (Win64) PHP/8.2.1 configured -- resuming normal operations
[Fri Jan 13 10:31:48.184569 2023] [mpm_winnt:notice] [pid 21700:tid 608] AH00456: Apache Lounge VS17 Server built: Nov 10 2022 11:16:17
[Fri Jan 13 10:31:48.184569 2023] [core:notice] [pid 21700:tid 608] AH00094: Command line: 'D:\\Apache24\\bin\\httpd.exe -d D:/Apache24'
[Fri Jan 13 10:31:48.306154 2023] [mpm_winnt:notice] [pid 21700:tid 608] AH00418: Parent: Created child process 12164
[Fri Jan 13 10:31:48.956355 2023] [mpm_winnt:notice] [pid 12164:tid 632] AH00354: Child: Starting 64 worker threads.
[Fri Jan 13 10:32:10.422596 2023] [mpm_winnt:notice] [pid 21700:tid 608] AH00422: Parent: Received shutdown signal -- Shutting down the server.
[Fri Jan 13 10:32:12.443012 2023] [mpm_winnt:notice] [pid 12164:tid 632] AH00364: Child: All worker threads have exited.
[Fri Jan 13 10:32:12.466482 2023] [mpm_winnt:notice] [pid 21700:tid 608] AH00430: Parent: Child process 12164 exited successfully.
[Fri Jan 13 10:32:13.812245 2023] [mpm_winnt:notice] [pid 11500:tid 616] AH00455: Apache/2.4.54 (Win64) PHP/8.2.1 configured -- resuming normal operations
[Fri Jan 13 10:32:13.812245 2023] [mpm_winnt:notice] [pid 11500:tid 616] AH00456: Apache Lounge VS17 Server built: Nov 10 2022 11:16:17
[Fri Jan 13 10:32:13.812245 2023] [core:notice] [pid 11500:tid 616] AH00094: Command line: 'D:\\Apache24\\bin\\httpd.exe -d D:/Apache24'
[Fri Jan 13 10:32:13.933201 2023] [mpm_winnt:notice] [pid 11500:tid 616] AH00418: Parent: Created child process 20244
[Fri Jan 13 10:32:14.652806 2023] [mpm_winnt:notice] [pid 20244:tid 624] AH00354: Child: Starting 64 worker threads.
[Fri Jan 13 11:10:48.989844 2023] [php:error] [pid 20244:tid 1284] [client ::1:58849] PHP Fatal error:  Uncaught Error: Call to undefined function mysql_connect() in D:\\Apache24\\htdocs\\wordpress\\wp-includes\\class-wpdb.php:1810\nStack trace:\n#0 D:\\Apache24\\htdocs\\wordpress\\wp-admin\\setup-config.php(308): wpdb->db_connect()\n#1 {main}\n  thrown in D:\\Apache24\\htdocs\\wordpress\\wp-includes\\class-wpdb.php on line 1810, referer: http://localhost:9080/wordpress/wp-admin/setup-config.php?step=1&language=es_ES
[Fri Jan 13 11:11:26.552962 2023] [php:error] [pid 20244:tid 1284] [client ::1:58858] PHP Fatal error:  Uncaught Error: Call to undefined function mysql_connect() in D:\\Apache24\\htdocs\\wordpress\\wp-includes\\class-wpdb.php:1810\nStack trace:\n#0 D:\\Apache24\\htdocs\\wordpress\\wp-admin\\setup-config.php(308): wpdb->db_connect()\n#1 {main}\n  thrown in D:\\Apache24\\htdocs\\wordpress\\wp-includes\\class-wpdb.php on line 1810, referer: http://localhost:9080/wordpress/wp-admin/setup-config.php?step=1&language=es_ES
[Fri Jan 13 11:14:40.239999 2023] [php:error] [pid 20244:tid 1284] [client ::1:58918] PHP Fatal error:  Uncaught Error: Call to undefined function mysql_connect() in D:\\Apache24\\htdocs\\wordpress\\wp-includes\\class-wpdb.php:1810\nStack trace:\n#0 D:\\Apache24\\htdocs\\wordpress\\wp-admin\\setup-config.php(308): wpdb->db_connect()\n#1 {main}\n  thrown in D:\\Apache24\\htdocs\\wordpress\\wp-includes\\class-wpdb.php on line 1810, referer: http://localhost:9080/wordpress/wp-admin/setup-config.php?step=1&language=es_ES
[Fri Jan 13 11:14:57.099317 2023] [php:error] [pid 20244:tid 1284] [client ::1:58922] PHP Fatal error:  Uncaught Error: Call to undefined function mysql_connect() in D:\\Apache24\\htdocs\\wordpress\\wp-includes\\class-wpdb.php:1810\nStack trace:\n#0 D:\\Apache24\\htdocs\\wordpress\\wp-admin\\setup-config.php(308): wpdb->db_connect()\n#1 {main}\n  thrown in D:\\Apache24\\htdocs\\wordpress\\wp-includes\\class-wpdb.php on line 1810, referer: http://localhost:9080/wordpress/wp-admin/setup-config.php?step=1&language=es_ES
[Fri Jan 13 11:27:08.555723 2023] [php:error] [pid 20244:tid 1264] [client ::1:59455] PHP Fatal error:  Uncaught Error: Call to undefined function mysql_connect() in D:\\Apache24\\htdocs\\wordpress\\wp-includes\\class-wpdb.php:1810\nStack trace:\n#0 D:\\Apache24\\htdocs\\wordpress\\wp-admin\\setup-config.php(308): wpdb->db_connect()\n#1 {main}\n  thrown in D:\\Apache24\\htdocs\\wordpress\\wp-includes\\class-wpdb.php on line 1810, referer: http://localhost:9080/wordpress/wp-admin/setup-config.php?step=1&language=es_ES
[Fri Jan 13 11:27:35.676056 2023] [php:error] [pid 20244:tid 1264] [client ::1:59463] PHP Fatal error:  Uncaught Error: Call to undefined function mysql_connect() in D:\\Apache24\\htdocs\\wordpress\\wp-includes\\class-wpdb.php:1810\nStack trace:\n#0 D:\\Apache24\\htdocs\\wordpress\\wp-admin\\setup-config.php(308): wpdb->db_connect()\n#1 {main}\n  thrown in D:\\Apache24\\htdocs\\wordpress\\wp-includes\\class-wpdb.php on line 1810, referer: http://localhost:9080/wordpress/wp-admin/setup-config.php?step=1&language=es_ES
[Fri Jan 13 11:38:23.685123 2023] [php:error] [pid 20244:tid 1284] [client ::1:59677] PHP Fatal error:  Uncaught Error: Call to undefined function mysql_connect() in D:\\Apache24\\htdocs\\wordpress\\wp-includes\\class-wpdb.php:1810\nStack trace:\n#0 D:\\Apache24\\htdocs\\wordpress\\wp-admin\\setup-config.php(308): wpdb->db_connect()\n#1 {main}\n  thrown in D:\\Apache24\\htdocs\\wordpress\\wp-includes\\class-wpdb.php on line 1810, referer: http://localhost:9080/wordpress/wp-admin/setup-config.php?step=1&language=es_ES
[Fri Jan 13 11:39:06.541344 2023] [mpm_winnt:notice] [pid 11500:tid 616] AH00422: Parent: Received shutdown signal -- Shutting down the server.
[Fri Jan 13 11:39:36.551785 2023] [mpm_winnt:notice] [pid 11500:tid 616] AH00431: Parent: Forcing termination of child process 20244
PHP Warning:  PHP Startup: Unable to load dynamic library 'mysqli' (tried: C:\\php8\\php-8.2.1-Win32-vs16-x64\\ext\\mysqli (No se puede encontrar el m\xc3\xb3dulo especificado), C:\\php8\\php-8.2.1-Win32-vs16-x64\\ext\\php_mysqli.dll (El par\xc3\xa1metro no es correcto)) in Unknown on line 0
[Fri Jan 13 11:40:00.347326 2023] [mpm_winnt:notice] [pid 14988:tid 608] AH00455: Apache/2.4.54 (Win64) PHP/8.2.1 configured -- resuming normal operations
[Fri Jan 13 11:40:00.347326 2023] [mpm_winnt:notice] [pid 14988:tid 608] AH00456: Apache Lounge VS17 Server built: Nov 10 2022 11:16:17
[Fri Jan 13 11:40:00.347326 2023] [core:notice] [pid 14988:tid 608] AH00094: Command line: 'D:\\Apache24\\bin\\httpd.exe -d D:/Apache24'
[Fri Jan 13 11:40:00.465012 2023] [mpm_winnt:notice] [pid 14988:tid 608] AH00418: Parent: Created child process 21528
PHP Warning:  PHP Startup: Unable to load dynamic library 'mysqli' (tried: C:\\php8\\php-8.2.1-Win32-vs16-x64\\ext\\mysqli (No se puede encontrar el m\xc3\xb3dulo especificado), C:\\php8\\php-8.2.1-Win32-vs16-x64\\ext\\php_mysqli.dll (Acceso denegado)) in Unknown on line 0
[Fri Jan 13 11:40:01.157401 2023] [mpm_winnt:notice] [pid 21528:tid 628] AH00354: Child: Starting 64 worker threads.
[Fri Jan 13 11:40:38.432587 2023] [php:error] [pid 21528:tid 1324] [client ::1:59717] PHP Fatal error:  Uncaught Error: Call to undefined function mysql_connect() in D:\\Apache24\\htdocs\\wordpress\\wp-includes\\class-wpdb.php:1810\nStack trace:\n#0 D:\\Apache24\\htdocs\\wordpress\\wp-admin\\setup-config.php(308): wpdb->db_connect()\n#1 {main}\n  thrown in D:\\Apache24\\htdocs\\wordpress\\wp-includes\\class-wpdb.php on line 1810, referer: http://localhost:9080/wordpress/wp-admin/setup-config.php?step=1&language=es_ES
[Fri Jan 13 11:47:50.008517 2023] [mpm_winnt:notice] [pid 14988:tid 608] AH00422: Parent: Received shutdown signal -- Shutting down the server.
[Fri Jan 13 11:47:52.024983 2023] [mpm_winnt:notice] [pid 21528:tid 628] AH00364: Child: All worker threads have exited.
[Fri Jan 13 11:47:52.047947 2023] [mpm_winnt:notice] [pid 14988:tid 608] AH00430: Parent: Child process 21528 exited successfully.
PHP Warning:  PHP Startup: Unable to load dynamic library 'mysqli' (tried: C:\\php8\\php-8.2.1-Win32-vs16-x64\\ext\\mysqli (No se puede encontrar el m\xc3\xb3dulo especificado), C:\\php8\\php-8.2.1-Win32-vs16-x64\\ext\\php_mysqli.dll (El par\xc3\xa1metro no es correcto)) in Unknown on line 0
[Fri Jan 13 11:47:53.382703 2023] [mpm_winnt:notice] [pid 24828:tid 612] AH00455: Apache/2.4.54 (Win64) PHP/8.2.1 configured -- resuming normal operations
[Fri Jan 13 11:47:53.382703 2023] [mpm_winnt:notice] [pid 24828:tid 612] AH00456: Apache Lounge VS17 Server built: Nov 10 2022 11:16:17
[Fri Jan 13 11:47:53.382703 2023] [core:notice] [pid 24828:tid 612] AH00094: Command line: 'D:\\Apache24\\bin\\httpd.exe -d D:/Apache24'
[Fri Jan 13 11:47:53.505871 2023] [mpm_winnt:notice] [pid 24828:tid 612] AH00418: Parent: Created child process 5652
PHP Warning:  PHP Startup: Unable to load dynamic library 'mysqli' (tried: C:\\php8\\php-8.2.1-Win32-vs16-x64\\ext\\mysqli (No se puede encontrar el m\xc3\xb3dulo especificado), C:\\php8\\php-8.2.1-Win32-vs16-x64\\ext\\php_mysqli.dll (Acceso denegado)) in Unknown on line 0
[Fri Jan 13 11:47:54.220922 2023] [mpm_winnt:notice] [pid 5652:tid 624] AH00354: Child: Starting 64 worker threads.
[Fri Jan 13 11:49:58.427866 2023] [mpm_winnt:notice] [pid 24828:tid 612] AH00422: Parent: Received shutdown signal -- Shutting down the server.
[Fri Jan 13 11:50:00.437733 2023] [mpm_winnt:notice] [pid 5652:tid 624] AH00364: Child: All worker threads have exited.
[Fri Jan 13 11:50:00.459082 2023] [mpm_winnt:notice] [pid 24828:tid 612] AH00430: Parent: Child process 5652 exited successfully.
PHP Warning:  PHP Startup: Unable to load dynamic library 'mysqli' (tried: C:\\php8\\php-8.2.1-Win32-vs16-x64\\ext\\mysqli (No se puede encontrar el m\xc3\xb3dulo especificado), C:\\php8\\php-8.2.1-Win32-vs16-x64\\ext\\php_mysqli.dll (El par\xc3\xa1metro no es correcto)) in Unknown on line 0
[Fri Jan 13 11:50:01.799659 2023] [mpm_winnt:notice] [pid 12012:tid 620] AH00455: Apache/2.4.54 (Win64) PHP/8.2.1 configured -- resuming normal operations
[Fri Jan 13 11:50:01.799659 2023] [mpm_winnt:notice] [pid 12012:tid 620] AH00456: Apache Lounge VS17 Server built: Nov 10 2022 11:16:17
[Fri Jan 13 11:50:01.799659 2023] [core:notice] [pid 12012:tid 620] AH00094: Command line: 'D:\\Apache24\\bin\\httpd.exe -d D:/Apache24'
[Fri Jan 13 11:50:01.919960 2023] [mpm_winnt:notice] [pid 12012:tid 620] AH00418: Parent: Created child process 24408
PHP Warning:  PHP Startup: Unable to load dynamic library 'mysqli' (tried: C:\\php8\\php-8.2.1-Win32-vs16-x64\\ext\\mysqli (No se puede encontrar el m\xc3\xb3dulo especificado), C:\\php8\\php-8.2.1-Win32-vs16-x64\\ext\\php_mysqli.dll (Acceso denegado)) in Unknown on line 0
[Fri Jan 13 11:50:02.641312 2023] [mpm_winnt:notice] [pid 24408:tid 632] AH00354: Child: Starting 64 worker threads.
[Sun Jan 15 19:20:47.116464 2023] [php:error] [pid 24408:tid 1332] [client ::1:57475] PHP Fatal error:  Uncaught Error: Call to undefined function mysql_connect() in D:\\Apache24\\htdocs\\wordpress\\wp-includes\\class-wpdb.php:1810\nStack trace:\n#0 D:\\Apache24\\htdocs\\wordpress\\wp-includes\\class-wpdb.php(734): wpdb->db_connect()\n#1 D:\\Apache24\\htdocs\\wordpress\\wp-includes\\load.php(562): wpdb->__construct('username_here', 'password_here', 'database_name_h...', 'localhost')\n#2 D:\\Apache24\\htdocs\\wordpress\\wp-settings.php(124): require_wp_db()\n#3 D:\\Apache24\\htdocs\\wordpress\\wp-config.php(96): require_once('D:\\\\Apache24\\\\htd...')\n#4 D:\\Apache24\\htdocs\\wordpress\\wp-load.php(50): require_once('D:\\\\Apache24\\\\htd...')\n#5 D:\\Apache24\\htdocs\\wordpress\\wp-blog-header.php(13): require_once('D:\\\\Apache24\\\\htd...')\n#6 D:\\Apache24\\htdocs\\wordpress\\index.php(17): require('D:\\\\Apache24\\\\htd...')\n#7 {main}\n  thrown in D:\\Apache24\\htdocs\\wordpress\\wp-includes\\class-wpdb.php on line 1810
[Sun Jan 15 19:20:48.751835 2023] [php:error] [pid 24408:tid 1324] [client ::1:57476] PHP Fatal error:  Uncaught Error: Call to undefined function mysql_connect() in D:\\Apache24\\htdocs\\wordpress\\wp-includes\\class-wpdb.php:1810\nStack trace:\n#0 D:\\Apache24\\htdocs\\wordpress\\wp-includes\\class-wpdb.php(734): wpdb->db_connect()\n#1 D:\\Apache24\\htdocs\\wordpress\\wp-includes\\load.php(562): wpdb->__construct('username_here', 'password_here', 'database_name_h...', 'localhost')\n#2 D:\\Apache24\\htdocs\\wordpress\\wp-settings.php(124): require_wp_db()\n#3 D:\\Apache24\\htdocs\\wordpress\\wp-config.php(96): require_once('D:\\\\Apache24\\\\htd...')\n#4 D:\\Apache24\\htdocs\\wordpress\\wp-load.php(50): require_once('D:\\\\Apache24\\\\htd...')\n#5 D:\\Apache24\\htdocs\\wordpress\\wp-blog-header.php(13): require_once('D:\\\\Apache24\\\\htd...')\n#6 D:\\Apache24\\htdocs\\wordpress\\index.php(17): require('D:\\\\Apache24\\\\htd...')\n#7 {main}\n  thrown in D:\\Apache24\\htdocs\\wordpress\\wp-includes\\class-wpdb.php on line 1810
[Sun Jan 15 19:20:57.625844 2023] [php:error] [pid 24408:tid 1332] [client ::1:57479] PHP Fatal error:  Uncaught Error: Call to undefined function mysql_connect() in D:\\Apache24\\htdocs\\wordpress\\wp-includes\\class-wpdb.php:1810\nStack trace:\n#0 D:\\Apache24\\htdocs\\wordpress\\wp-includes\\class-wpdb.php(734): wpdb->db_connect()\n#1 D:\\Apache24\\htdocs\\wordpress\\wp-includes\\load.php(562): wpdb->__construct('username_here', 'password_here', 'database_name_h...', 'localhost')\n#2 D:\\Apache24\\htdocs\\wordpress\\wp-settings.php(124): require_wp_db()\n#3 D:\\Apache24\\htdocs\\wordpress\\wp-config.php(96): require_once('D:\\\\Apache24\\\\htd...')\n#4 D:\\Apache24\\htdocs\\wordpress\\wp-load.php(50): require_once('D:\\\\Apache24\\\\htd...')\n#5 D:\\Apache24\\htdocs\\wordpress\\wp-blog-header.php(13): require_once('D:\\\\Apache24\\\\htd...')\n#6 D:\\Apache24\\htdocs\\wordpress\\index.php(17): require('D:\\\\Apache24\\\\htd...')\n#7 {main}\n  thrown in D:\\Apache24\\htdocs\\wordpress\\wp-includes\\class-wpdb.php on line 1810
[Sun Jan 15 19:21:54.228038 2023] [mpm_winnt:notice] [pid 12012:tid 620] AH00422: Parent: Received shutdown signal -- Shutting down the server.
[Sun Jan 15 19:21:59.695486 2023] [mpm_winnt:notice] [pid 24408:tid 632] AH00364: Child: All worker threads have exited.
[Sun Jan 15 19:21:59.942040 2023] [mpm_winnt:notice] [pid 12012:tid 620] AH00430: Parent: Child process 24408 exited successfully.
[Sun Jan 15 19:22:01.738343 2023] [mpm_winnt:notice] [pid 5412:tid 528] AH00455: Apache/2.4.54 (Win64) PHP/8.2.1 configured -- resuming normal operations
[Sun Jan 15 19:22:01.738343 2023] [mpm_winnt:notice] [pid 5412:tid 528] AH00456: Apache Lounge VS17 Server built: Nov 10 2022 11:16:17
[Sun Jan 15 19:22:01.738343 2023] [core:notice] [pid 5412:tid 528] AH00094: Command line: 'D:\\Apache24\\bin\\httpd.exe -d D:/Apache24'
[Sun Jan 15 19:22:01.862577 2023] [mpm_winnt:notice] [pid 5412:tid 528] AH00418: Parent: Created child process 19200
[Sun Jan 15 19:22:02.552520 2023] [mpm_winnt:notice] [pid 19200:tid 624] AH00354: Child: Starting 64 worker threads.
